#
# A fatal error has been detected by the Java Runtime Environment:
#
#  Internal Error (javaClasses.cpp:126), pid=10804, tid=10504
#  fatal error: Invalid layout of preloaded class
#
# JRE version:  (8.0_20-b26) (build )
# Java VM: Java HotSpot(TM) Client VM (25.20-b23 mixed mode windows-x86 )
# Failed to write core dump. Minidumps are not enabled by default on client versions of Windows
#
# If you would like to submit a bug report, please visit:
#   http://bugreport.sun.com/bugreport/crash.jsp
#

---------------  T H R E A D  ---------------

Current thread (0x0278bc00):  JavaThread "Unknown thread" [_thread_in_vm, id=10504, stack(0x00690000,0x006e0000)]

Stack: [0x00690000,0x006e0000],  sp=0x006df374,  free space=316k
Native frames: (J=compiled Java code, j=interpreted, Vv=VM code, C=native code)
V  [jvm.dll+0x196ccb]
V  [jvm.dll+0x18fc56]
V  [jvm.dll+0x3b52a]
V  [jvm.dll+0x3b6e0]
V  [jvm.dll+0x4a2a3]
V  [jvm.dll+0x9d44e]
V  [jvm.dll+0x9d712]
V  [jvm.dll+0x144f11]
V  [jvm.dll+0x168e48]
V  [jvm.dll+0xda6d1]
C  [javaw.exe+0x13e4]
C  [javaw.exe+0x1eb7]
C  [javaw.exe+0xaba1]
C  [javaw.exe+0xac2b]
C  [kernel32.dll+0x1339a]
C  [ntdll.dll+0x39ed2]
C  [ntdll.dll+0x39ea5]
C  0x00000000


---------------  P R O C E S S  ---------------

Java Threads: ( => current thread )

Other Threads:

=>0x0278bc00 (exited) JavaThread "Unknown thread" [_thread_in_vm, id=10504, stack(0x00690000,0x006e0000)]

VM state:not at safepoint (not fully initialized)

VM Mutex/Monitor currently owned by a thread: None

GC Heap History (0 events):
No events

Deoptimization events (0 events):
No events

Internal exceptions (0 events):
No events

Events (10 events):
Event: 0.014 loading class java/lang/CharSequence done
Event: 0.014 loading class java/lang/String done
Event: 0.014 loading class java/lang/Class
Event: 0.014 loading class java/lang/reflect/AnnotatedElement
Event: 0.014 loading class java/lang/reflect/AnnotatedElement done
Event: 0.014 loading class java/lang/reflect/GenericDeclaration
Event: 0.014 loading class java/lang/reflect/GenericDeclaration done
Event: 0.014 loading class java/lang/reflect/Type
Event: 0.014 loading class java/lang/reflect/Type done
Event: 0.015 loading class java/lang/Class done


Dynamic libraries:
0x011e0000 - 0x01210000 	C:\Program Files (x86)\Java\jre1.8.0_20\bin\javaw.exe
0x77270000 - 0x773f0000 	C:\Windows\SysWOW64\ntdll.dll
0x76790000 - 0x768a0000 	C:\Windows\syswow64\kernel32.dll
0x76510000 - 0x76556000 	C:\Windows\syswow64\KERNELBASE.dll
0x74ff0000 - 0x75090000 	C:\Windows\syswow64\ADVAPI32.dll
0x76190000 - 0x7623c000 	C:\Windows\syswow64\msvcrt.dll
0x76560000 - 0x76579000 	C:\Windows\SysWOW64\sechost.dll
0x74a30000 - 0x74b20000 	C:\Windows\syswow64\RPCRT4.dll
0x74960000 - 0x749c0000 	C:\Windows\syswow64\SspiCli.dll
0x74950000 - 0x7495c000 	C:\Windows\syswow64\CRYPTBASE.dll
0x762e0000 - 0x763e0000 	C:\Windows\syswow64\USER32.dll
0x76250000 - 0x762e0000 	C:\Windows\syswow64\GDI32.dll
0x74e30000 - 0x74e3a000 	C:\Windows\syswow64\LPK.dll
0x74ce0000 - 0x74d7d000 	C:\Windows\syswow64\USP10.dll
0x710c0000 - 0x7125e000 	C:\Windows\WinSxS\x86_microsoft.windows.common-controls_6595b64144ccf1df_6.0.7601.17514_none_41e6975e2bd6f2b2\COMCTL32.dll
0x764b0000 - 0x76507000 	C:\Windows\syswow64\SHLWAPI.dll
0x749c0000 - 0x74a20000 	C:\Windows\system32\IMM32.DLL
0x75dc0000 - 0x75e8c000 	C:\Windows\syswow64\MSCTF.dll
0x5a430000 - 0x5a4ef000 	C:\Program Files (x86)\Java\jre1.8.0_20\bin\msvcr100.dll
0x5c590000 - 0x5c932000 	C:\Program Files (x86)\Java\jre1.8.0_20\bin\client\jvm.dll
0x700d0000 - 0x700d7000 	C:\Windows\system32\WSOCK32.dll
0x76470000 - 0x764a5000 	C:\Windows\syswow64\WS2_32.dll
0x74a20000 - 0x74a26000 	C:\Windows\syswow64\NSI.dll
0x72890000 - 0x728c2000 	C:\Windows\system32\WINMM.dll
0x77240000 - 0x77245000 	C:\Windows\syswow64\PSAPI.DLL
0x73c20000 - 0x73c2c000 	C:\Program Files (x86)\Java\jre1.8.0_20\bin\verify.dll
0x666b0000 - 0x666d1000 	C:\Program Files (x86)\Java\jre1.8.0_20\bin\java.dll
0x73bd0000 - 0x73be3000 	C:\Program Files (x86)\Java\jre1.8.0_20\bin\zip.dll
0x73f80000 - 0x7406b000 	C:\Windows\system32\dbghelp.dll

VM Arguments:
jvm_args: -Dfile.encoding=GBK -Xbootclasspath:E:\adt-bundle-windows-x86-20140702\sdk\platforms\android-19\android.jar 
java_command: com.example.appnote.AtyContent
java_class_path (initial): E:\workspace-android\AppNote\bin\classes;E:\workspace-android\AppNote\libs\android-support-v4.jar;E:\workspace-android\appcompat_v7\libs\android-support-v7-appcompat.jar;E:\workspace-android\appcompat_v7\bin\appcompat_v7.jar
Launcher Type: SUN_STANDARD

Environment Variables:
PATH=C:/Program Files (x86)/Java/jre1.8.0_20/bin/client;C:/Program Files (x86)/Java/jre1.8.0_20/bin;C:/Program Files (x86)/Java/jre1.8.0_20/lib/i386;C:\ProgramData\Oracle\Java\javapath;C:\Windows\system32;C:\Windows;C:\Windows\System32\Wbem;C:\Windows\System32\WindowsPowerShell\v1.0\;C:\Program Files (x86)\Common Files\NetSarang;E:\adt-bundle-windows-x86-20140702\eclipse;
USERNAME=zxm
OS=Windows_NT
PROCESSOR_IDENTIFIER=Intel64 Family 6 Model 58 Stepping 5, GenuineIntel



---------------  S Y S T E M  ---------------

OS: Windows 7 , 64 bit Build 7601 Service Pack 1

CPU:total 4 (2 cores per cpu, 2 threads per core) family 6 model 58 stepping 5, cmov, cx8, fxsr, mmx, sse, sse2, sse3, ssse3, sse4.1, sse4.2, popcnt, avx, clmul, erms, ht, tsc, tscinvbit, tscinv

Memory: 4k page, physical 5794980k(1473996k free), swap 11588112k(6548316k free)

vm_info: Java HotSpot(TM) Client VM (25.20-b23) for windows-x86 JRE (1.8.0_20-b26), built on Jul 30 2014 18:14:41 by "java_re" with MS VC++ 10.0 (VS2010)

time: Mon Feb 09 14:25:43 2015
elapsed time: 0 seconds (0d 0h 0m 0s)

